<?xml version="1.0" encoding="UTF-8"?>
<!-- Generated by org.testng.reporters.JUnitXMLReporter -->
<testsuite ignored="1" hostname="Vivek" failures="0" tests="16" name="Default test" time="419.51" errors="0" timestamp="2025-02-03T19:29:00 IST">
  <testcase classname="automation.com.CalrikTestNG" name="userLogin" time="0.157"/>
  <testcase classname="automation.com.CalrikTestNG" name="createAvailability" time="25.033"/>
  <testcase classname="automation.com.CalrikTestNG" name="createOTOMeeting" time="25.49"/>
  <testcase classname="automation.com.CalrikTestNG" name="createPollMeeting" time="26.561"/>
  <testcase classname="automation.com.CalrikTestNG" name="createGroupEvent" time="18.623"/>
  <testcase classname="automation.com.CalrikTestNG" name="deleteAvailability" time="15.241"/>
  <testcase classname="automation.com.CalrikTestNG" name="logOut" time="6.66"/>
  <testcase classname="automation.com.CalrikTestNG" name="createCategory" time="19.395"/>
  <testcase classname="automation.com.CalrikTestNG" name="deleteCategory" time="18.966"/>
  <testcase classname="automation.com.CalrikTestNG" name="connectiCloud" time="20.847"/>
  <testcase classname="automation.com.CalrikTestNG" name="disconnectiCloud" time="14.132"/>
  <testcase classname="automation.com.CalrikTestNG" name="forgotPassword" time="16.505"/>
  <testcase classname="automation.com.CalrikTestNG" name="defaultPage" time="19.679"/>
  <testcase classname="automation.com.CalrikTestNG" name="openAnalyticsPage" time="7.679"/>
  <testcase classname="automation.com.CalrikTestNG" name="updateProfile" time="16.351"/>
  <testcase classname="automation.com.CalrikTestNG" name="changePassword" time="14.684"/>
  <testcase classname="automation.com.CalrikTestNG" name="deleteMeeting" time="0.0">
    <ignored/>
  </testcase> <!-- deleteMeeting -->
</testsuite> <!-- Default test -->
