<?xml version="1.0" encoding="UTF-8"?>
<testng-results ignored="0" total="1" passed="1" failed="0" skipped="0">
  <reporter-output>
  </reporter-output>
  <suite started-at="2025-03-15T12:03:43 IST" name="Default suite" finished-at="2025-03-15T12:03:49 IST" duration-ms="5295">
    <groups>
    </groups>
    <test started-at="2025-03-15T12:03:43 IST" name="Default test" finished-at="2025-03-15T12:03:49 IST" duration-ms="5295">
      <class name="automation.com.DataProvide">
        <test-method is-config="true" signature="launchURL()[pri:0, instance:automation.com.DataProvide@3bf7ca37]" started-at="2025-03-15T12:03:43 IST" name="launchURL" finished-at="2025-03-15T12:03:48 IST" duration-ms="5078" status="PASS">
          <reporter-output>
          </reporter-output>
        </test-method> <!-- launchURL -->
        <test-method signature="first()[pri:0, instance:automation.com.DataProvide@3bf7ca37]" started-at="2025-03-15T12:03:48 IST" name="first" finished-at="2025-03-15T12:03:48 IST" duration-ms="7" status="PASS">
          <reporter-output>
          </reporter-output>
        </test-method> <!-- first -->
        <test-method is-config="true" signature="closeBrowser()[pri:0, instance:automation.com.DataProvide@3bf7ca37]" started-at="2025-03-15T12:03:48 IST" name="closeBrowser" finished-at="2025-03-15T12:03:49 IST" duration-ms="164" status="PASS">
          <reporter-output>
          </reporter-output>
        </test-method> <!-- closeBrowser -->
      </class> <!-- automation.com.DataProvide -->
    </test> <!-- Default test -->
  </suite> <!-- Default suite -->
</testng-results>
