<?xml version="1.0" encoding="UTF-8"?>
<testng-results ignored="0" total="16" passed="16" failed="0" skipped="0">
  <reporter-output>
  </reporter-output>
  <suite started-at="2025-02-03T19:22:00 IST" name="Default suite" finished-at="2025-02-03T19:28:59 IST" duration-ms="419510">
    <groups>
    </groups>
    <test started-at="2025-02-03T19:22:00 IST" name="Default test" finished-at="2025-02-03T19:28:59 IST" duration-ms="419510">
      <class name="automation.com.CalrikTestNG">
        <test-method is-config="true" signature="launchBrowser()[pri:0, instance:automation.com.CalrikTestNG@1ce24091]" started-at="2025-02-03T19:22:00 IST" name="launchBrowser" finished-at="2025-02-03T19:22:10 IST" duration-ms="9767" status="PASS">
          <reporter-output>
          </reporter-output>
        </test-method> <!-- launchBrowser -->
        <test-method signature="userLogin()[pri:1, instance:automation.com.CalrikTestNG@1ce24091]" started-at="2025-02-03T19:22:10 IST" name="userLogin" finished-at="2025-02-03T19:22:10 IST" duration-ms="157" status="PASS">
          <reporter-output>
          </reporter-output>
        </test-method> <!-- userLogin -->
        <test-method is-config="true" signature="closeBrowser()[pri:0, instance:automation.com.CalrikTestNG@1ce24091]" started-at="2025-02-03T19:22:10 IST" name="closeBrowser" finished-at="2025-02-03T19:22:10 IST" duration-ms="346" status="PASS">
          <reporter-output>
          </reporter-output>
        </test-method> <!-- closeBrowser -->
        <test-method is-config="true" signature="launchBrowser()[pri:0, instance:automation.com.CalrikTestNG@1ce24091]" started-at="2025-02-03T19:22:10 IST" name="launchBrowser" finished-at="2025-02-03T19:22:19 IST" duration-ms="8427" status="PASS">
          <reporter-output>
          </reporter-output>
        </test-method> <!-- launchBrowser -->
        <test-method signature="createAvailability()[pri:2, instance:automation.com.CalrikTestNG@1ce24091]" started-at="2025-02-03T19:22:19 IST" name="createAvailability" finished-at="2025-02-03T19:22:44 IST" duration-ms="25033" status="PASS">
          <reporter-output>
          </reporter-output>
        </test-method> <!-- createAvailability -->
        <test-method is-config="true" signature="closeBrowser()[pri:0, instance:automation.com.CalrikTestNG@1ce24091]" started-at="2025-02-03T19:22:44 IST" name="closeBrowser" finished-at="2025-02-03T19:22:44 IST" duration-ms="369" status="PASS">
          <reporter-output>
          </reporter-output>
        </test-method> <!-- closeBrowser -->
        <test-method is-config="true" signature="launchBrowser()[pri:0, instance:automation.com.CalrikTestNG@1ce24091]" started-at="2025-02-03T19:22:44 IST" name="launchBrowser" finished-at="2025-02-03T19:22:53 IST" duration-ms="9323" status="PASS">
          <reporter-output>
          </reporter-output>
        </test-method> <!-- launchBrowser -->
        <test-method signature="createOTOMeeting()[pri:3, instance:automation.com.CalrikTestNG@1ce24091]" started-at="2025-02-03T19:22:53 IST" name="createOTOMeeting" finished-at="2025-02-03T19:23:19 IST" duration-ms="25490" status="PASS">
          <reporter-output>
          </reporter-output>
        </test-method> <!-- createOTOMeeting -->
        <test-method is-config="true" signature="closeBrowser()[pri:0, instance:automation.com.CalrikTestNG@1ce24091]" started-at="2025-02-03T19:23:19 IST" name="closeBrowser" finished-at="2025-02-03T19:23:19 IST" duration-ms="371" status="PASS">
          <reporter-output>
          </reporter-output>
        </test-method> <!-- closeBrowser -->
        <test-method is-config="true" signature="launchBrowser()[pri:0, instance:automation.com.CalrikTestNG@1ce24091]" started-at="2025-02-03T19:23:19 IST" name="launchBrowser" finished-at="2025-02-03T19:23:28 IST" duration-ms="9050" status="PASS">
          <reporter-output>
          </reporter-output>
        </test-method> <!-- launchBrowser -->
        <test-method signature="createPollMeeting()[pri:4, instance:automation.com.CalrikTestNG@1ce24091]" started-at="2025-02-03T19:23:28 IST" name="createPollMeeting" finished-at="2025-02-03T19:23:55 IST" duration-ms="26561" status="PASS">
          <reporter-output>
          </reporter-output>
        </test-method> <!-- createPollMeeting -->
        <test-method is-config="true" signature="closeBrowser()[pri:0, instance:automation.com.CalrikTestNG@1ce24091]" started-at="2025-02-03T19:23:55 IST" name="closeBrowser" finished-at="2025-02-03T19:23:55 IST" duration-ms="321" status="PASS">
          <reporter-output>
          </reporter-output>
        </test-method> <!-- closeBrowser -->
        <test-method is-config="true" signature="launchBrowser()[pri:0, instance:automation.com.CalrikTestNG@1ce24091]" started-at="2025-02-03T19:23:55 IST" name="launchBrowser" finished-at="2025-02-03T19:24:04 IST" duration-ms="8855" status="PASS">
          <reporter-output>
          </reporter-output>
        </test-method> <!-- launchBrowser -->
        <test-method signature="createGroupEvent()[pri:5, instance:automation.com.CalrikTestNG@1ce24091]" started-at="2025-02-03T19:24:04 IST" name="createGroupEvent" finished-at="2025-02-03T19:24:23 IST" duration-ms="18623" status="PASS">
          <reporter-output>
          </reporter-output>
        </test-method> <!-- createGroupEvent -->
        <test-method is-config="true" signature="closeBrowser()[pri:0, instance:automation.com.CalrikTestNG@1ce24091]" started-at="2025-02-03T19:24:23 IST" name="closeBrowser" finished-at="2025-02-03T19:24:23 IST" duration-ms="328" status="PASS">
          <reporter-output>
          </reporter-output>
        </test-method> <!-- closeBrowser -->
        <test-method is-config="true" signature="launchBrowser()[pri:0, instance:automation.com.CalrikTestNG@1ce24091]" started-at="2025-02-03T19:24:23 IST" name="launchBrowser" finished-at="2025-02-03T19:24:33 IST" duration-ms="10188" status="PASS">
          <reporter-output>
          </reporter-output>
        </test-method> <!-- launchBrowser -->
        <test-method signature="deleteAvailability()[pri:7, instance:automation.com.CalrikTestNG@1ce24091]" started-at="2025-02-03T19:24:33 IST" name="deleteAvailability" finished-at="2025-02-03T19:24:48 IST" duration-ms="15241" status="PASS">
          <reporter-output>
          </reporter-output>
        </test-method> <!-- deleteAvailability -->
        <test-method is-config="true" signature="closeBrowser()[pri:0, instance:automation.com.CalrikTestNG@1ce24091]" started-at="2025-02-03T19:24:48 IST" name="closeBrowser" finished-at="2025-02-03T19:24:49 IST" duration-ms="305" status="PASS">
          <reporter-output>
          </reporter-output>
        </test-method> <!-- closeBrowser -->
        <test-method is-config="true" signature="launchBrowser()[pri:0, instance:automation.com.CalrikTestNG@1ce24091]" started-at="2025-02-03T19:24:49 IST" name="launchBrowser" finished-at="2025-02-03T19:24:58 IST" duration-ms="9041" status="PASS">
          <reporter-output>
          </reporter-output>
        </test-method> <!-- launchBrowser -->
        <test-method signature="logOut()[pri:8, instance:automation.com.CalrikTestNG@1ce24091]" started-at="2025-02-03T19:24:58 IST" name="logOut" finished-at="2025-02-03T19:25:04 IST" duration-ms="6660" status="PASS">
          <reporter-output>
          </reporter-output>
        </test-method> <!-- logOut -->
        <test-method is-config="true" signature="closeBrowser()[pri:0, instance:automation.com.CalrikTestNG@1ce24091]" started-at="2025-02-03T19:25:04 IST" name="closeBrowser" finished-at="2025-02-03T19:25:05 IST" duration-ms="705" status="PASS">
          <reporter-output>
          </reporter-output>
        </test-method> <!-- closeBrowser -->
        <test-method is-config="true" signature="launchBrowser()[pri:0, instance:automation.com.CalrikTestNG@1ce24091]" started-at="2025-02-03T19:25:05 IST" name="launchBrowser" finished-at="2025-02-03T19:25:14 IST" duration-ms="8938" status="PASS">
          <reporter-output>
          </reporter-output>
        </test-method> <!-- launchBrowser -->
        <test-method signature="createCategory()[pri:9, instance:automation.com.CalrikTestNG@1ce24091]" started-at="2025-02-03T19:25:14 IST" name="createCategory" finished-at="2025-02-03T19:25:34 IST" duration-ms="19395" status="PASS">
          <reporter-output>
          </reporter-output>
        </test-method> <!-- createCategory -->
        <test-method is-config="true" signature="closeBrowser()[pri:0, instance:automation.com.CalrikTestNG@1ce24091]" started-at="2025-02-03T19:25:34 IST" name="closeBrowser" finished-at="2025-02-03T19:25:34 IST" duration-ms="362" status="PASS">
          <reporter-output>
          </reporter-output>
        </test-method> <!-- closeBrowser -->
        <test-method is-config="true" signature="launchBrowser()[pri:0, instance:automation.com.CalrikTestNG@1ce24091]" started-at="2025-02-03T19:25:34 IST" name="launchBrowser" finished-at="2025-02-03T19:25:43 IST" duration-ms="8707" status="PASS">
          <reporter-output>
          </reporter-output>
        </test-method> <!-- launchBrowser -->
        <test-method signature="deleteCategory()[pri:10, instance:automation.com.CalrikTestNG@1ce24091]" started-at="2025-02-03T19:25:43 IST" name="deleteCategory" finished-at="2025-02-03T19:26:02 IST" duration-ms="18966" status="PASS">
          <reporter-output>
          </reporter-output>
        </test-method> <!-- deleteCategory -->
        <test-method is-config="true" signature="closeBrowser()[pri:0, instance:automation.com.CalrikTestNG@1ce24091]" started-at="2025-02-03T19:26:02 IST" name="closeBrowser" finished-at="2025-02-03T19:26:02 IST" duration-ms="395" status="PASS">
          <reporter-output>
          </reporter-output>
        </test-method> <!-- closeBrowser -->
        <test-method is-config="true" signature="launchBrowser()[pri:0, instance:automation.com.CalrikTestNG@1ce24091]" started-at="2025-02-03T19:26:02 IST" name="launchBrowser" finished-at="2025-02-03T19:26:14 IST" duration-ms="11657" status="PASS">
          <reporter-output>
          </reporter-output>
        </test-method> <!-- launchBrowser -->
        <test-method signature="connectiCloud()[pri:11, instance:automation.com.CalrikTestNG@1ce24091]" started-at="2025-02-03T19:26:14 IST" name="connectiCloud" finished-at="2025-02-03T19:26:35 IST" duration-ms="20847" status="PASS">
          <reporter-output>
          </reporter-output>
        </test-method> <!-- connectiCloud -->
        <test-method is-config="true" signature="closeBrowser()[pri:0, instance:automation.com.CalrikTestNG@1ce24091]" started-at="2025-02-03T19:26:35 IST" name="closeBrowser" finished-at="2025-02-03T19:26:35 IST" duration-ms="312" status="PASS">
          <reporter-output>
          </reporter-output>
        </test-method> <!-- closeBrowser -->
        <test-method is-config="true" signature="launchBrowser()[pri:0, instance:automation.com.CalrikTestNG@1ce24091]" started-at="2025-02-03T19:26:35 IST" name="launchBrowser" finished-at="2025-02-03T19:26:44 IST" duration-ms="9112" status="PASS">
          <reporter-output>
          </reporter-output>
        </test-method> <!-- launchBrowser -->
        <test-method signature="disconnectiCloud()[pri:12, instance:automation.com.CalrikTestNG@1ce24091]" started-at="2025-02-03T19:26:44 IST" name="disconnectiCloud" finished-at="2025-02-03T19:26:58 IST" duration-ms="14132" status="PASS">
          <reporter-output>
          </reporter-output>
        </test-method> <!-- disconnectiCloud -->
        <test-method is-config="true" signature="closeBrowser()[pri:0, instance:automation.com.CalrikTestNG@1ce24091]" started-at="2025-02-03T19:26:58 IST" name="closeBrowser" finished-at="2025-02-03T19:26:58 IST" duration-ms="353" status="PASS">
          <reporter-output>
          </reporter-output>
        </test-method> <!-- closeBrowser -->
        <test-method is-config="true" signature="launchBrowser()[pri:0, instance:automation.com.CalrikTestNG@1ce24091]" started-at="2025-02-03T19:26:58 IST" name="launchBrowser" finished-at="2025-02-03T19:27:08 IST" duration-ms="9195" status="PASS">
          <reporter-output>
          </reporter-output>
        </test-method> <!-- launchBrowser -->
        <test-method signature="forgotPassword()[pri:13, instance:automation.com.CalrikTestNG@1ce24091]" started-at="2025-02-03T19:27:08 IST" name="forgotPassword" finished-at="2025-02-03T19:27:24 IST" duration-ms="16505" status="PASS">
          <reporter-output>
          </reporter-output>
        </test-method> <!-- forgotPassword -->
        <test-method is-config="true" signature="closeBrowser()[pri:0, instance:automation.com.CalrikTestNG@1ce24091]" started-at="2025-02-03T19:27:24 IST" name="closeBrowser" finished-at="2025-02-03T19:27:24 IST" duration-ms="332" status="PASS">
          <reporter-output>
          </reporter-output>
        </test-method> <!-- closeBrowser -->
        <test-method is-config="true" signature="launchBrowser()[pri:0, instance:automation.com.CalrikTestNG@1ce24091]" started-at="2025-02-03T19:27:24 IST" name="launchBrowser" finished-at="2025-02-03T19:27:34 IST" duration-ms="9103" status="PASS">
          <reporter-output>
          </reporter-output>
        </test-method> <!-- launchBrowser -->
        <test-method signature="defaultPage()[pri:14, instance:automation.com.CalrikTestNG@1ce24091]" started-at="2025-02-03T19:27:34 IST" name="defaultPage" finished-at="2025-02-03T19:27:53 IST" duration-ms="19679" status="PASS">
          <reporter-output>
          </reporter-output>
        </test-method> <!-- defaultPage -->
        <test-method is-config="true" signature="closeBrowser()[pri:0, instance:automation.com.CalrikTestNG@1ce24091]" started-at="2025-02-03T19:27:53 IST" name="closeBrowser" finished-at="2025-02-03T19:27:54 IST" duration-ms="335" status="PASS">
          <reporter-output>
          </reporter-output>
        </test-method> <!-- closeBrowser -->
        <test-method is-config="true" signature="launchBrowser()[pri:0, instance:automation.com.CalrikTestNG@1ce24091]" started-at="2025-02-03T19:27:54 IST" name="launchBrowser" finished-at="2025-02-03T19:28:02 IST" duration-ms="8813" status="PASS">
          <reporter-output>
          </reporter-output>
        </test-method> <!-- launchBrowser -->
        <test-method signature="openAnalyticsPage()[pri:15, instance:automation.com.CalrikTestNG@1ce24091]" started-at="2025-02-03T19:28:02 IST" name="openAnalyticsPage" finished-at="2025-02-03T19:28:10 IST" duration-ms="7679" status="PASS">
          <reporter-output>
          </reporter-output>
        </test-method> <!-- openAnalyticsPage -->
        <test-method is-config="true" signature="closeBrowser()[pri:0, instance:automation.com.CalrikTestNG@1ce24091]" started-at="2025-02-03T19:28:10 IST" name="closeBrowser" finished-at="2025-02-03T19:28:10 IST" duration-ms="388" status="PASS">
          <reporter-output>
          </reporter-output>
        </test-method> <!-- closeBrowser -->
        <test-method is-config="true" signature="launchBrowser()[pri:0, instance:automation.com.CalrikTestNG@1ce24091]" started-at="2025-02-03T19:28:10 IST" name="launchBrowser" finished-at="2025-02-03T19:28:19 IST" duration-ms="8714" status="PASS">
          <reporter-output>
          </reporter-output>
        </test-method> <!-- launchBrowser -->
        <test-method signature="updateProfile()[pri:16, instance:automation.com.CalrikTestNG@1ce24091]" started-at="2025-02-03T19:28:19 IST" name="updateProfile" finished-at="2025-02-03T19:28:36 IST" duration-ms="16351" status="PASS">
          <reporter-output>
          </reporter-output>
        </test-method> <!-- updateProfile -->
        <test-method is-config="true" signature="closeBrowser()[pri:0, instance:automation.com.CalrikTestNG@1ce24091]" started-at="2025-02-03T19:28:36 IST" name="closeBrowser" finished-at="2025-02-03T19:28:36 IST" duration-ms="335" status="PASS">
          <reporter-output>
          </reporter-output>
        </test-method> <!-- closeBrowser -->
        <test-method is-config="true" signature="launchBrowser()[pri:0, instance:automation.com.CalrikTestNG@1ce24091]" started-at="2025-02-03T19:28:36 IST" name="launchBrowser" finished-at="2025-02-03T19:28:44 IST" duration-ms="8589" status="PASS">
          <reporter-output>
          </reporter-output>
        </test-method> <!-- launchBrowser -->
        <test-method signature="changePassword()[pri:17, instance:automation.com.CalrikTestNG@1ce24091]" started-at="2025-02-03T19:28:44 IST" name="changePassword" finished-at="2025-02-03T19:28:59 IST" duration-ms="14684" status="PASS">
          <reporter-output>
          </reporter-output>
        </test-method> <!-- changePassword -->
        <test-method is-config="true" signature="closeBrowser()[pri:0, instance:automation.com.CalrikTestNG@1ce24091]" started-at="2025-02-03T19:28:59 IST" name="closeBrowser" finished-at="2025-02-03T19:28:59 IST" duration-ms="351" status="PASS">
          <reporter-output>
          </reporter-output>
        </test-method> <!-- closeBrowser -->
      </class> <!-- automation.com.CalrikTestNG -->
    </test> <!-- Default test -->
  </suite> <!-- Default suite -->
</testng-results>
